<?xml version="1.0" encoding="UTF-8"?>
<persistence version="2.0"
	xmlns="http://java.sun.com/xml/ns/persistence" xmlns:xsi="http://www.w3.org/2001/XMLSchema-instance"
	xsi:schemaLocation="
        http://java.sun.com/xml/ns/persistence
        http://java.sun.com/xml/ns/persistence/persistence_2_0.xsd">
	<persistence-unit name="volatile">
		<jta-data-source>java:jboss/datasources/volatile-test</jta-data-source>
		<properties>
			<!-- Properties for Hibernate -->
			<property name="hibernate.dialect" value="org.hibernate.dialect.H2Dialect" />
			<property name="hibernate.hbm2ddl.auto" value="create" />
			<property name="hibernate.show_sql" value="false" />
			<property name="hibernate.connection.useUnicode" value="true" />
			<property name="hibernate.connection.characterEncoding"	value="UTF-8" />
			<property name="hibernate.connection.charSet" value="UTF-8" />
		</properties>
	</persistence-unit>
    <persistence-unit name="persistent">
        <jta-data-source>java:jboss/datasources/persistent-test</jta-data-source>
        <properties>
            <!-- Properties for Hibernate -->
            <property name="hibernate.dialect" value="org.hibernate.dialect.MySQL5Dialect" />
            <property name="hibernate.hbm2ddl.auto" value="create" />
            <property name="hibernate.show_sql" value="false" />
            <property name="hibernate.connection.useUnicode" value="true" />
            <property name="hibernate.connection.characterEncoding" value="UTF-8" />
            <property name="hibernate.connection.charSet" value="UTF-8" />
        </properties>
    </persistence-unit> 
</persistence>
